<?xml version="1.0" encoding="UTF-8"?>
<testng-results skipped="0" failed="0" total="2" passed="2">
  <reporter-output>
  </reporter-output>
  <suite name="Suite" duration-ms="65" started-at="2022-08-26T06:38:56Z" finished-at="2022-08-26T06:38:56Z">
    <groups>
    </groups>
    <test name="Test" duration-ms="65" started-at="2022-08-26T06:38:56Z" finished-at="2022-08-26T06:38:56Z">
      <class name="testRCB.ValidateFourForeignPlayers">
        <test-method status="PASS" signature="verifyFourForeignPlayers()[pri:0, instance:testRCB.ValidateFourForeignPlayers@419c5f1a]" name="verifyFourForeignPlayers" duration-ms="3" started-at="2022-08-26T12:08:56Z" finished-at="2022-08-26T12:08:56Z">
          <reporter-output>
          </reporter-output>
        </test-method> <!-- verifyFourForeignPlayers -->
      </class> <!-- testRCB.ValidateFourForeignPlayers -->
      <class name="testRCB.ValidateAtleastOneWicketKeeper">
        <test-method status="PASS" signature="verifyAtlestOneWicketKeeper()[pri:0, instance:testRCB.ValidateAtleastOneWicketKeeper@18ce0030]" name="verifyAtlestOneWicketKeeper" duration-ms="35" started-at="2022-08-26T12:08:56Z" finished-at="2022-08-26T12:08:56Z">
          <reporter-output>
          </reporter-output>
        </test-method> <!-- verifyAtlestOneWicketKeeper -->
      </class> <!-- testRCB.ValidateAtleastOneWicketKeeper -->
    </test> <!-- Test -->
  </suite> <!-- Suite -->
</testng-results>
